[2016-06-10 21:03:55.052] [DEBUG] libs.db.scheduleSprinkler - found schedule sprinkler: length= 2
[2016-06-10 21:03:55.052] [DEBUG] libs.db.scheduleSprinkler - found sprinkler config: length= 4
[2016-06-10 21:03:55.052] [DEBUG] ghConfig - sprinkler [{"unit":"Humidity","zone":"Inside","alias":"내부 습도","type":"number","connect":"zigbee","param":"Ah","defaultvalue":0,"standardUnit":"%","use":{"shutter":false,"sprinkler":true,"temperature":false}},{"unit":"Moisture","zone":"Soil","alias":"토양 습도","type":"number","connect":"zigbee","param":"Lh","defaultvalue":0,"standardUnit":"%","use":{"shutter":false,"sprinkler":true,"temperature":false}},{"unit":"Light","zone":"Inside","alias":"일사","type":"number","connect":"zigbee","param":"Li","defaultvalue":0,"standardUnit":"","use":{"shutter":true,"sprinkler":true,"temperature":false}}]
[2016-06-10 21:03:55.052] [DEBUG] libs.db.scheduleSprinkler - found environments config: length= 3
[2016-06-10 21:03:55.052] [DEBUG] libs.store.notification - [read] read data, [
    {
        "id": 1,
        "title": "test",
        "start": "08:00",
        "end": "10:00",
        "Temperature-Outside-Value": "10",
        "Temperature-Outside-Oper": "<"
    },
    {
        "id": 3,
        "title": "test",
        "start": "08:00",
        "end": "10:00",
        "Temperature-Outside-Value": "10",
        "Temperature-Outside-Oper": ">",
        "Temperature-Inside-Value": "20",
        "Temperature-Inside-Oper": "<"
    }
]
[2016-06-10 21:03:55.053] [DEBUG] libs.store.notification - [{"id":1,"title":"test","start":"08:00","end":"10:00","Temperature-Outside-Value":"10","Temperature-Outside-Oper":"<"},{"id":3,"title":"test","start":"08:00","end":"10:00","Temperature-Outside-Value":"10","Temperature-Outside-Oper":">","Temperature-Inside-Value":"20","Temperature-Inside-Oper":"<"}]
[2016-06-10 21:03:55.053] [DEBUG] libs.db.notification - found notification: length= 2
[2016-06-10 21:03:55.053] [DEBUG] ghConfig - sys = null : [{"unit":"Temperature","zone":"Outside","alias":"외부 온도","type":"number","connect":"gpio","param":"28-03157454e5ff","defaultvalue":0,"standardUnit":"℃","use":{"shutter":true,"sprinkler":false,"temperature":false}},{"unit":"Temperature","zone":"Inside","alias":"내부 온도","type":"number","connect":"zigbee","param":"At","defaultvalue":0,"standardUnit":"℃","use":{"shutter":true,"sprinkler":false,"temperature":true}},{"unit":"Temperature","zone":"Soil","alias":"토양 온도","type":"number","connect":"zigbee","param":"Lt","defaultvalue":0,"standardUnit":"℃","use":{"shutter":false,"sprinkler":false,"temperature":false}},{"unit":"Humidity","zone":"Inside","alias":"내부 습도","type":"number","connect":"zigbee","param":"Ah","defaultvalue":0,"standardUnit":"%","use":{"shutter":false,"sprinkler":true,"temperature":false}},{"unit":"Moisture","zone":"Soil","alias":"토양 습도","type":"number","connect":"zigbee","param":"Lh","defaultvalue":0,"standardUnit":"%","use":{"shutter":false,"sprinkler":true,"temperature":false}},{"unit":"Rain","zone":"Inside","alias":"내부 레인","type":"number","connect":"zigbee","param":"Ra","defaultvalue":0,"standardUnit":"","use":{"shutter":false,"sprinkler":false,"temperature":false}},{"unit":"Light","zone":"Inside","alias":"일사","type":"number","connect":"zigbee","param":"Li","defaultvalue":0,"standardUnit":"","use":{"shutter":true,"sprinkler":true,"temperature":false}}]
[2016-06-10 21:03:55.053] [DEBUG] libs.db.notification - found environment config: length= 7
[2016-06-10 21:03:55.053] [DEBUG] libs.store.soilMoistureControl - [read] read data, [
    {
        "id": 1,
        "title": "test 1",
        "unit": "pump",
        "alias": "관수 펌프  ",
        "start": "08:00",
        "end": "20:00",
        "period": "5",
        "wait": "30",
        "Humidity-Inside-Value": "97",
        "Humidity-Inside-Oper": "<"
    },
    {
        "id": 2,
        "title": "test",
        "unit": "pump",
        "alias": "관수 펌프     ",
        "start": "08:00",
        "end": "20:00",
        "period": "5",
        "wait": "30",
        "Humidity-Inside-Value": "10",
        "Humidity-Inside-Oper": ">",
        "Moisture-Soil-Value": "20",
        "Moisture-Soil-Oper": "<"
    },
    {
        "id": 3,
        "title": "test",
        "unit": "pump",
        "alias": "관수 펌프      ",
        "start": "08:00",
        "end": "20:00",
        "period": "5",
        "wait": "30",
        "Humidity-Inside-Value": "10",
        "Humidity-Inside-Oper": "<",
        "Moisture-Soil-Value": "20",
        "Moisture-Soil-Oper": ">"
    }
]
[2016-06-10 21:03:55.053] [DEBUG] libs.store.soilMoistureControl - [{"id":1,"title":"test 1","unit":"pump","alias":"관수 펌프  ","start":"08:00","end":"20:00","period":"5","wait":"30","Humidity-Inside-Value":"97","Humidity-Inside-Oper":"<"},{"id":2,"title":"test","unit":"pump","alias":"관수 펌프     ","start":"08:00","end":"20:00","period":"5","wait":"30","Humidity-Inside-Value":"10","Humidity-Inside-Oper":">","Moisture-Soil-Value":"20","Moisture-Soil-Oper":"<"},{"id":3,"title":"test","unit":"pump","alias":"관수 펌프      ","start":"08:00","end":"20:00","period":"5","wait":"30","Humidity-Inside-Value":"10","Humidity-Inside-Oper":"<","Moisture-Soil-Value":"20","Moisture-Soil-Oper":">"}]
[2016-06-10 21:03:55.053] [DEBUG] libs.db.soilMoistureControl - found soil moisture control docs length= 3
[2016-06-10 21:03:55.053] [DEBUG] libs.db.soilMoistureControl - found sprinkler config: length= 4
[2016-06-10 21:03:55.053] [DEBUG] ghConfig - sprinkler [{"unit":"Humidity","zone":"Inside","alias":"내부 습도","type":"number","connect":"zigbee","param":"Ah","defaultvalue":0,"standardUnit":"%","use":{"shutter":false,"sprinkler":true,"temperature":false}},{"unit":"Moisture","zone":"Soil","alias":"토양 습도","type":"number","connect":"zigbee","param":"Lh","defaultvalue":0,"standardUnit":"%","use":{"shutter":false,"sprinkler":true,"temperature":false}},{"unit":"Light","zone":"Inside","alias":"일사","type":"number","connect":"zigbee","param":"Li","defaultvalue":0,"standardUnit":"","use":{"shutter":true,"sprinkler":true,"temperature":false}}]
[2016-06-10 21:03:55.054] [DEBUG] libs.db.soilMoistureControl - found environments config: length= 3
[2016-06-10 21:03:55.054] [DEBUG] libs.store.temperatureControl - [read] read data, [
    {
        "id": 1,
        "title": "test",
        "priority": "3",
        "units": [
            {
                "side": "Top",
                "position": "First",
                "alias": "천창-1중     "
            },
            {
                "side": "Top",
                "position": "Second",
                "alias": "천창-2중  "
            }
        ],
        "period": 1,
        "wait": 10,
        "start": "08:00",
        "end": "20:00",
        "Temperature-Inside-Target": "25",
        "Temperature-Inside-Range": "3"
    }
]
[2016-06-10 21:03:55.054] [DEBUG] libs.store.temperatureControl - [{"id":1,"title":"test","priority":"3","units":[{"side":"Top","position":"First","alias":"천창-1중     "},{"side":"Top","position":"Second","alias":"천창-2중  "}],"period":1,"wait":10,"start":"08:00","end":"20:00","Temperature-Inside-Target":"25","Temperature-Inside-Range":"3"}]
[2016-06-10 21:03:55.054] [DEBUG] libs.db.temperatureControl - found temperature Control Docs length= 1
[2016-06-10 21:03:55.054] [DEBUG] libs.db.temperatureControl - found shutter config length= 4
[2016-06-10 21:03:55.054] [DEBUG] ghConfig - temperature [{"unit":"Temperature","zone":"Inside","alias":"내부 온도","type":"number","connect":"zigbee","param":"At","defaultvalue":0,"standardUnit":"℃","use":{"shutter":true,"sprinkler":false,"temperature":true}}]
[2016-06-10 21:03:55.054] [DEBUG] libs.db.temperatureControl - found environment config: length= 1
[2016-06-10 21:03:55.054] [DEBUG] libs.store.emergencyControl - [read] read data, [
    {
        "id": 1,
        "title": "teat",
        "side": "Top",
        "position": "First",
        "alias": "천창-1중 ",
        "step": "2",
        "Temperature-Outside-Value": "30",
        "Temperature-Outside-Oper": "<"
    },
    {
        "id": 3,
        "title": "test",
        "side": "Top",
        "position": "First",
        "alias": "천창-1중 ",
        "step": "6",
        "Temperature-Outside-Value": "10",
        "Temperature-Outside-Oper": ">",
        "Temperature-Inside-Value": "20",
        "Temperature-Inside-Oper": "<"
    }
]
[2016-06-10 21:03:55.055] [DEBUG] libs.store.emergencyControl - [{"id":1,"title":"teat","side":"Top","position":"First","alias":"천창-1중 ","step":"2","Temperature-Outside-Value":"30","Temperature-Outside-Oper":"<"},{"id":3,"title":"test","side":"Top","position":"First","alias":"천창-1중 ","step":"6","Temperature-Outside-Value":"10","Temperature-Outside-Oper":">","Temperature-Inside-Value":"20","Temperature-Inside-Oper":"<"}]
[2016-06-10 21:03:55.055] [DEBUG] libs.db.emergencyControl - found emergency Control Docs length= 2
[2016-06-10 21:03:55.055] [DEBUG] libs.db.emergencyControl - found shutter config length= 4
[2016-06-10 21:03:55.055] [DEBUG] ghConfig - sys = null : [{"unit":"Temperature","zone":"Outside","alias":"외부 온도","type":"number","connect":"gpio","param":"28-03157454e5ff","defaultvalue":0,"standardUnit":"℃","use":{"shutter":true,"sprinkler":false,"temperature":false}},{"unit":"Temperature","zone":"Inside","alias":"내부 온도","type":"number","connect":"zigbee","param":"At","defaultvalue":0,"standardUnit":"℃","use":{"shutter":true,"sprinkler":false,"temperature":true}},{"unit":"Temperature","zone":"Soil","alias":"토양 온도","type":"number","connect":"zigbee","param":"Lt","defaultvalue":0,"standardUnit":"℃","use":{"shutter":false,"sprinkler":false,"temperature":false}},{"unit":"Humidity","zone":"Inside","alias":"내부 습도","type":"number","connect":"zigbee","param":"Ah","defaultvalue":0,"standardUnit":"%","use":{"shutter":false,"sprinkler":true,"temperature":false}},{"unit":"Moisture","zone":"Soil","alias":"토양 습도","type":"number","connect":"zigbee","param":"Lh","defaultvalue":0,"standardUnit":"%","use":{"shutter":false,"sprinkler":true,"temperature":false}},{"unit":"Rain","zone":"Inside","alias":"내부 레인","type":"number","connect":"zigbee","param":"Ra","defaultvalue":0,"standardUnit":"","use":{"shutter":false,"sprinkler":false,"temperature":false}},{"unit":"Light","zone":"Inside","alias":"일사","type":"number","connect":"zigbee","param":"Li","defaultvalue":0,"standardUnit":"","use":{"shutter":true,"sprinkler":true,"temperature":false}}]
[2016-06-10 21:03:55.055] [DEBUG] libs.db.emergencyControl - found environment config: length= 7
